<?xml version="1.0" encoding="UTF-8"?>
<!-- Generated by org.testng.reporters.JUnitReportReporter -->
<testsuite hostname="ShuvoTpad2022" failures="0" tests="1" name="com.SmokeTest" time="0.019" errors="0" timestamp="2023-08-05T13:54:05 EDT" skipped="0">
  <testcase classname="com.SmokeTest" name="assertTest" time="0.019"/>
</testsuite> <!-- com.SmokeTest -->
