<?xml version="1.0" encoding="UTF-8"?>
<!-- Generated by org.testng.reporters.JUnitReportReporter -->
<testsuite hostname="ShuvoTpad2022" failures="0" tests="1" name="com.RegressionTest" time="0.026" errors="0" timestamp="2023-07-29T13:54:44 EDT" skipped="0">
  <testcase classname="com.RegressionTest" name="test3" time="0.026"/>
</testsuite> <!-- com.RegressionTest -->
